<?xml version="1.0" encoding="UTF-8"?>
<!-- Generated by org.testng.reporters.JUnitReportReporter -->
<testsuite hostname="DESKTOP-IL9PQM6" failures="0" tests="2" name="test.HomeLogin" time="71.197" errors="0" timestamp="2024-06-22T23:24:45 IST" skipped="0">
  <testcase classname="test.HomeLogin" name="testlogin" time="44.821"/>
  <testcase classname="test.HomeLogin" name="testkurtas" time="26.376"/>
</testsuite> <!-- test.HomeLogin -->
