<?xml version="1.0" encoding="UTF-8"?>
<!-- Generated by org.testng.reporters.JUnitReportReporter -->
<testsuite hostname="DESKTOP-IL9PQM6" failures="0" tests="2" name="test.Account" time="88.461" errors="0" timestamp="2024-06-22T21:11:07 IST" skipped="0">
  <testcase classname="test.Account" name="testregister" time="25.684"/>
  <testcase classname="test.Account" name="testlogin" time="62.777"/>
</testsuite> <!-- test.Account -->
